c:\users\work\downloads\engine\engine\debug\vc120.pdb
c:\users\work\downloads\engine\engine\debug\vc120.idb
c:\users\work\downloads\engine\engine\debug\dungeon_generator.obj
c:\users\work\downloads\engine\engine\debug\fontclass.obj
c:\users\work\downloads\engine\engine\debug\fontshaderclass.obj
c:\users\work\downloads\engine\engine\debug\frustumclass.obj
c:\users\work\downloads\engine\engine\debug\inputclass.obj
c:\users\work\downloads\engine\engine\debug\lightclass.obj
c:\users\work\downloads\engine\engine\debug\main.obj
c:\users\work\downloads\engine\engine\debug\modelclass.obj
c:\users\work\downloads\engine\engine\debug\orthowindowclass.obj
c:\users\work\downloads\engine\engine\debug\positionclass.obj
c:\users\work\downloads\engine\engine\debug\quadtreeclass.obj
c:\users\work\downloads\engine\engine\debug\rendertextureclass.obj
c:\users\work\downloads\engine\engine\debug\sphereshaderclass.obj
c:\users\work\downloads\engine\engine\debug\systemclass.obj
c:\users\work\downloads\engine\engine\debug\terrainclass.obj
c:\users\work\downloads\engine\engine\debug\terrainshaderclass.obj
c:\users\work\downloads\engine\engine\debug\textclass.obj
c:\users\work\downloads\engine\engine\debug\textureclass.obj
c:\users\work\downloads\engine\engine\debug\textureshaderclass.obj
c:\users\work\downloads\engine\engine\debug\timerclass.obj
c:\users\work\downloads\engine\engine\debug\applicationclass.obj
c:\users\work\downloads\engine\engine\debug\cameraclass.obj
c:\users\work\downloads\engine\engine\debug\colorfiltershaderclass.obj
c:\users\work\downloads\engine\engine\debug\d3dclass.obj
c:\users\work\downloads\engine\debug\engine.ilk
c:\users\work\downloads\engine\debug\engine.exe
c:\users\work\downloads\engine\debug\engine.pdb
c:\users\work\downloads\engine\engine\debug\engine.tlog\cl.command.1.tlog
c:\users\work\downloads\engine\engine\debug\engine.tlog\cl.read.1.tlog
c:\users\work\downloads\engine\engine\debug\engine.tlog\cl.write.1.tlog
c:\users\work\downloads\engine\engine\debug\engine.tlog\link.command.1.tlog
c:\users\work\downloads\engine\engine\debug\engine.tlog\link.read.1.tlog
c:\users\work\downloads\engine\engine\debug\engine.tlog\link.write.1.tlog
