C:\USERS\1404272\DOWNLOADS\ENGINE\ENGINE\RELEASE\APPLICATIONCLASS.OBJ
C:\USERS\1404272\DOWNLOADS\ENGINE\ENGINE\RELEASE\CAMERACLASS.OBJ
C:\Users\1404272\Downloads\Engine\Engine\Release\cl.command.1.tlog
C:\Users\1404272\Downloads\Engine\Engine\Release\CL.read.1.tlog
C:\Users\1404272\Downloads\Engine\Engine\Release\CL.write.1.tlog
C:\USERS\1404272\DOWNLOADS\ENGINE\ENGINE\RELEASE\COLORFILTERSHADERCLASS.OBJ
C:\USERS\1404272\DOWNLOADS\ENGINE\ENGINE\RELEASE\D3DCLASS.OBJ
C:\USERS\1404272\DOWNLOADS\ENGINE\ENGINE\RELEASE\DUNGEON_GENERATOR.OBJ
C:\USERS\1404272\DOWNLOADS\ENGINE\ENGINE\RELEASE\ENGINE.EXE.INTERMEDIATE.MANIFEST
C:\Users\1404272\Downloads\Engine\Engine\Release\Engine.write.1.tlog
C:\USERS\1404272\DOWNLOADS\ENGINE\ENGINE\RELEASE\FONTCLASS.OBJ
C:\USERS\1404272\DOWNLOADS\ENGINE\ENGINE\RELEASE\FONTSHADERCLASS.OBJ
C:\USERS\1404272\DOWNLOADS\ENGINE\ENGINE\RELEASE\FRUSTUMCLASS.OBJ
C:\USERS\1404272\DOWNLOADS\ENGINE\ENGINE\RELEASE\INPUTCLASS.OBJ
C:\USERS\1404272\DOWNLOADS\ENGINE\ENGINE\RELEASE\LIGHTCLASS.OBJ
C:\Users\1404272\Downloads\Engine\Engine\Release\link.command.1.tlog
C:\Users\1404272\Downloads\Engine\Engine\Release\link.read.1.tlog
C:\Users\1404272\Downloads\Engine\Engine\Release\link.write.1.tlog
C:\USERS\1404272\DOWNLOADS\ENGINE\ENGINE\RELEASE\MAIN.OBJ
C:\USERS\1404272\DOWNLOADS\ENGINE\ENGINE\RELEASE\MODELCLASS.OBJ
C:\Users\1404272\Downloads\Engine\Engine\Release\mt.command.1.tlog
C:\Users\1404272\Downloads\Engine\Engine\Release\mt.read.1.tlog
C:\Users\1404272\Downloads\Engine\Engine\Release\mt.write.1.tlog
C:\USERS\1404272\DOWNLOADS\ENGINE\ENGINE\RELEASE\ORTHOWINDOWCLASS.OBJ
C:\USERS\1404272\DOWNLOADS\ENGINE\ENGINE\RELEASE\POSITIONCLASS.OBJ
C:\USERS\1404272\DOWNLOADS\ENGINE\ENGINE\RELEASE\QUADTREECLASS.OBJ
C:\USERS\1404272\DOWNLOADS\ENGINE\ENGINE\RELEASE\RENDERTEXTURECLASS.OBJ
C:\USERS\1404272\DOWNLOADS\ENGINE\ENGINE\RELEASE\SPHERESHADERCLASS.OBJ
C:\USERS\1404272\DOWNLOADS\ENGINE\ENGINE\RELEASE\SYSTEMCLASS.OBJ
C:\USERS\1404272\DOWNLOADS\ENGINE\ENGINE\RELEASE\TERRAINCLASS.OBJ
C:\USERS\1404272\DOWNLOADS\ENGINE\ENGINE\RELEASE\TERRAINSHADERCLASS.OBJ
C:\USERS\1404272\DOWNLOADS\ENGINE\ENGINE\RELEASE\TEXTCLASS.OBJ
C:\USERS\1404272\DOWNLOADS\ENGINE\ENGINE\RELEASE\TEXTURECLASS.OBJ
C:\USERS\1404272\DOWNLOADS\ENGINE\ENGINE\RELEASE\TEXTURESHADERCLASS.OBJ
C:\USERS\1404272\DOWNLOADS\ENGINE\ENGINE\RELEASE\TIMERCLASS.OBJ
C:\USERS\1404272\DOWNLOADS\ENGINE\ENGINE\RELEASE\VC100.PDB
C:\USERS\1404272\DOWNLOADS\ENGINE\RELEASE\ENGINE.EXE
C:\USERS\1404272\DOWNLOADS\ENGINE\RELEASE\ENGINE.PDB
