C:\USERS\1404272\DOWNLOADS\ENGINE\DEBUG\ENGINE.EXE
C:\USERS\1404272\DOWNLOADS\ENGINE\DEBUG\ENGINE.ILK
C:\USERS\1404272\DOWNLOADS\ENGINE\DEBUG\ENGINE.PDB
C:\USERS\1404272\DOWNLOADS\ENGINE\ENGINE\DEBUG\APPLICATIONCLASS.OBJ
C:\USERS\1404272\DOWNLOADS\ENGINE\ENGINE\DEBUG\CAMERACLASS.OBJ
C:\Users\1404272\Downloads\Engine\Engine\Debug\cl.command.1.tlog
C:\Users\1404272\Downloads\Engine\Engine\Debug\CL.read.1.tlog
C:\Users\1404272\Downloads\Engine\Engine\Debug\CL.write.1.tlog
C:\USERS\1404272\DOWNLOADS\ENGINE\ENGINE\DEBUG\COLORSHADERCLASS.OBJ
C:\USERS\1404272\DOWNLOADS\ENGINE\ENGINE\DEBUG\CPUCLASS.OBJ
C:\USERS\1404272\DOWNLOADS\ENGINE\ENGINE\DEBUG\D3DCLASS.OBJ
C:\USERS\1404272\DOWNLOADS\ENGINE\ENGINE\DEBUG\ENGINE.EXE.EMBED.MANIFEST
C:\USERS\1404272\DOWNLOADS\ENGINE\ENGINE\DEBUG\ENGINE.EXE.EMBED.MANIFEST.RES
C:\USERS\1404272\DOWNLOADS\ENGINE\ENGINE\DEBUG\ENGINE.EXE.INTERMEDIATE.MANIFEST
C:\Users\1404272\Downloads\Engine\Engine\Debug\Engine.vcxprojResolveAssemblyReference.cache
C:\Users\1404272\Downloads\Engine\Engine\Debug\Engine.write.1.tlog
C:\Users\1404272\Downloads\Engine\Engine\Debug\Engine_manifest.rc
C:\USERS\1404272\DOWNLOADS\ENGINE\ENGINE\DEBUG\FONTCLASS.OBJ
C:\USERS\1404272\DOWNLOADS\ENGINE\ENGINE\DEBUG\FONTSHADERCLASS.OBJ
C:\USERS\1404272\DOWNLOADS\ENGINE\ENGINE\DEBUG\FPSCLASS.OBJ
C:\USERS\1404272\DOWNLOADS\ENGINE\ENGINE\DEBUG\INPUTCLASS.OBJ
C:\USERS\1404272\DOWNLOADS\ENGINE\ENGINE\DEBUG\LIGHTCLASS.OBJ
C:\Users\1404272\Downloads\Engine\Engine\Debug\link.6800.read.1.tlog
C:\Users\1404272\Downloads\Engine\Engine\Debug\link.6800.write.1.tlog
C:\Users\1404272\Downloads\Engine\Engine\Debug\link.6800-cvtres.read.1.tlog
C:\Users\1404272\Downloads\Engine\Engine\Debug\link.6800-cvtres.write.1.tlog
C:\Users\1404272\Downloads\Engine\Engine\Debug\link.command.1.tlog
C:\Users\1404272\Downloads\Engine\Engine\Debug\link.read.1.tlog
C:\Users\1404272\Downloads\Engine\Engine\Debug\link.write.1.tlog
C:\Users\1404272\Downloads\Engine\Engine\Debug\link-cvtres.read.1.tlog
C:\Users\1404272\Downloads\Engine\Engine\Debug\link-cvtres.write.1.tlog
C:\USERS\1404272\DOWNLOADS\ENGINE\ENGINE\DEBUG\MAIN.OBJ
C:\Users\1404272\Downloads\Engine\Engine\Debug\mt.command.1.tlog
C:\Users\1404272\Downloads\Engine\Engine\Debug\mt.read.1.tlog
C:\Users\1404272\Downloads\Engine\Engine\Debug\mt.write.1.tlog
C:\USERS\1404272\DOWNLOADS\ENGINE\ENGINE\DEBUG\POSITIONCLASS.OBJ
C:\Users\1404272\Downloads\Engine\Engine\Debug\rc.command.1.tlog
C:\Users\1404272\Downloads\Engine\Engine\Debug\rc.read.1.tlog
C:\Users\1404272\Downloads\Engine\Engine\Debug\rc.write.1.tlog
C:\USERS\1404272\DOWNLOADS\ENGINE\ENGINE\DEBUG\SYSTEMCLASS.OBJ
C:\USERS\1404272\DOWNLOADS\ENGINE\ENGINE\DEBUG\TERRAINCLASS.OBJ
C:\USERS\1404272\DOWNLOADS\ENGINE\ENGINE\DEBUG\TERRAINSHADERCLASS.OBJ
C:\USERS\1404272\DOWNLOADS\ENGINE\ENGINE\DEBUG\TEXTCLASS.OBJ
C:\USERS\1404272\DOWNLOADS\ENGINE\ENGINE\DEBUG\TEXTURECLASS.OBJ
C:\USERS\1404272\DOWNLOADS\ENGINE\ENGINE\DEBUG\TIMERCLASS.OBJ
C:\Users\1404272\Downloads\Engine\Engine\Debug\vc100.idb
C:\USERS\1404272\DOWNLOADS\ENGINE\ENGINE\DEBUG\VC100.PDB
